# JRE version: OpenJDK Runtime Environment AdoptOpenJDK-11.0.11+9 (11.0.11+9) (build 11.0.11+9)
# Java VM: OpenJDK 64-Bit Server VM AdoptOpenJDK-11.0.11+9 (11.0.11+9, mixed mode, tiered, compressed oops, g1 gc, bsd-amd64)
Heap:
 garbage-first heap   total 1048576K, used 245123K [0x0000000400000000, 0x0000000800000000)
  region size 4096K, 60 young (245760K), 1 survivors (4096K)
 Metaspace       used 20709K, capacity 21604K, committed 21888K, reserved 1069056K
  class space    used 2281K, capacity 2635K, committed 2688K, reserved 1048576K
GC Heap History (6 events):
Event: 1.725 GC heap before
{Heap before GC invocations=0 (full 0):
 garbage-first heap   total 1048576K, used 49152K [0x0000000400000000, 0x0000000800000000)
  region size 4096K, 12 young (49152K), 0 survivors (0K)
 Metaspace       used 20154K, capacity 20889K, committed 20992K, reserved 1067008K
  class space    used 2192K, capacity 2496K, committed 2560K, reserved 1048576K
}
Event: 1.750 GC heap after
{Heap after GC invocations=1 (full 0):
 garbage-first heap   total 1048576K, used 5769K [0x0000000400000000, 0x0000000800000000)
  region size 4096K, 2 young (8192K), 2 survivors (8192K)
 Metaspace       used 20154K, capacity 20889K, committed 20992K, reserved 1067008K
  class space    used 2192K, capacity 2496K, committed 2560K, reserved 1048576K
}
Event: 1.859 GC heap before
{Heap before GC invocations=1 (full 0):
 garbage-first heap   total 1048576K, used 9865K [0x0000000400000000, 0x0000000800000000)
  region size 4096K, 4 young (16384K), 2 survivors (8192K)
 Metaspace       used 20377K, capacity 21184K, committed 21248K, reserved 1069056K
  class space    used 2222K, capacity 2548K, committed 2560K, reserved 1048576K
}
Event: 1.876 GC heap after
{Heap after GC invocations=2 (full 0):
 garbage-first heap   total 1048576K, used 6621K [0x0000000400000000, 0x0000000800000000)
  region size 4096K, 1 young (4096K), 1 survivors (4096K)
 Metaspace       used 20377K, capacity 21184K, committed 21248K, reserved 1069056K
  class space    used 2222K, capacity 2548K, committed 2560K, reserved 1048576K
}
Event: 2.326 GC heap before
{Heap before GC invocations=3 (full 0):
 garbage-first heap   total 1048576K, used 96733K [0x0000000400000000, 0x0000000800000000)
  region size 4096K, 23 young (94208K), 1 survivors (4096K)
 Metaspace       used 20674K, capacity 21540K, committed 21632K, reserved 1069056K
  class space    used 2277K, capacity 2635K, committed 2688K, reserved 1048576K
}
Event: 2.330 GC heap after
{Heap after GC invocations=4 (full 0):
 garbage-first heap   total 1048576K, used 7555K [0x0000000400000000, 0x0000000800000000)
  region size 4096K, 1 young (4096K), 1 survivors (4096K)
 Metaspace       used 20674K, capacity 21540K, committed 21632K, reserved 1069056K
  class space    used 2277K, capacity 2635K, committed 2688K, reserved 1048576K
}

